d:\it's_a_base(winapi)\!source\l4d2_v2\l4d2_v2\release\vc143.pdb
d:\it's_a_base(winapi)\!source\l4d2_v2\l4d2_v2\release\utils.obj
d:\it's_a_base(winapi)\!source\l4d2_v2\l4d2_v2\release\dllmain.obj
d:\it's_a_base(winapi)\!source\l4d2_v2\l4d2_v2\release\gui.obj
d:\it's_a_base(winapi)\!source\l4d2_v2\l4d2_v2\release\cheat.obj
d:\it's_a_base(winapi)\!source\l4d2_v2\l4d2_v2\release\cliententitylist.obj
d:\it's_a_base(winapi)\!source\l4d2_v2\l4d2_v2\release\cplayer.obj
d:\it's_a_base(winapi)\!source\l4d2_v2\l4d2_v2\release\ivengineclient.obj
d:\it's_a_base(winapi)\!source\l4d2_v2\l4d2_v2\release\client_class.obj
d:\it's_a_base(winapi)\!source\l4d2_v2\release\l4d2_v2.dll
d:\it's_a_base(winapi)\!source\l4d2_v2\l4d2_v2\release\l4d2_v2.ipdb
d:\it's_a_base(winapi)\!source\l4d2_v2\l4d2_v2\release\l4d2_v2.iobj
d:\it's_a_base(winapi)\!source\l4d2_v2\release\l4d2_v2.pdb
d:\it's_a_base(winapi)\!source\l4d2_v2\l4d2_v2\release\l4d2_v2.tlog\cl.command.1.tlog
d:\it's_a_base(winapi)\!source\l4d2_v2\l4d2_v2\release\l4d2_v2.tlog\cl.items.tlog
d:\it's_a_base(winapi)\!source\l4d2_v2\l4d2_v2\release\l4d2_v2.tlog\cl.read.1.tlog
d:\it's_a_base(winapi)\!source\l4d2_v2\l4d2_v2\release\l4d2_v2.tlog\cl.write.1.tlog
d:\it's_a_base(winapi)\!source\l4d2_v2\l4d2_v2\release\l4d2_v2.tlog\link.command.1.tlog
d:\it's_a_base(winapi)\!source\l4d2_v2\l4d2_v2\release\l4d2_v2.tlog\link.read.1.tlog
d:\it's_a_base(winapi)\!source\l4d2_v2\l4d2_v2\release\l4d2_v2.tlog\link.write.1.tlog
